0 info it worked if it ends with ok
1 verbose cli [ '/usr/local/bin/node', '/usr/local/bin/npm', 'start' ]
2 info using npm@4.0.3
3 info using node@v7.2.0
4 verbose run-script [ 'prestart', 'start', 'poststart' ]
5 info lifecycle poet@1.0.0~prestart: poet@1.0.0
6 silly lifecycle poet@1.0.0~prestart: no script for prestart, continuing
7 info lifecycle poet@1.0.0~start: poet@1.0.0
8 verbose lifecycle poet@1.0.0~start: unsafe-perm in lifecycle true
9 verbose lifecycle poet@1.0.0~start: PATH: /usr/local/lib/node_modules/npm/bin/node-gyp-bin:/home/jd/Code/Poet/node_modules/.bin:/home/jd/Library/android/sdk/build-tools/24.0.0:/home/jd/Library/android/sdk/platform-tools:/home/jd/Library/android/sdk/tools:/home/jd/.meteor:/home/jd/.bin:$HOMEBREW/bin:/usr/local/bin:/home/jd/bin:/home/jd/.local/bin:/usr/local/sbin:/usr/local/bin:/usr/sbin:/usr/bin:/sbin:/bin:/usr/games:/usr/local/games:/snap/bin:/Users/eordano/Library/Android/sdk/platform-tools
10 verbose lifecycle poet@1.0.0~start: CWD: /home/jd/Code/Poet
11 silly lifecycle poet@1.0.0~start: Args: [ '-c', 'ts-node src/index.ts' ]
12 silly lifecycle poet@1.0.0~start: Returned: code: 1  signal: null
13 info lifecycle poet@1.0.0~start: Failed to exec start script
14 verbose stack Error: poet@1.0.0 start: `ts-node src/index.ts`
14 verbose stack Exit status 1
14 verbose stack     at EventEmitter.<anonymous> (/usr/local/lib/node_modules/npm/lib/utils/lifecycle.js:279:16)
14 verbose stack     at emitTwo (events.js:106:13)
14 verbose stack     at EventEmitter.emit (events.js:191:7)
14 verbose stack     at ChildProcess.<anonymous> (/usr/local/lib/node_modules/npm/lib/utils/spawn.js:40:14)
14 verbose stack     at emitTwo (events.js:106:13)
14 verbose stack     at ChildProcess.emit (events.js:191:7)
14 verbose stack     at maybeClose (internal/child_process.js:885:16)
14 verbose stack     at Process.ChildProcess._handle.onexit (internal/child_process.js:226:5)
15 verbose pkgid poet@1.0.0
16 verbose cwd /home/jd/Code/Poet
17 error Linux 4.8.0-28-generic
18 error argv "/usr/local/bin/node" "/usr/local/bin/npm" "start"
19 error node v7.2.0
20 error npm  v4.0.3
21 error code ELIFECYCLE
22 error poet@1.0.0 start: `ts-node src/index.ts`
22 error Exit status 1
23 error Failed at the poet@1.0.0 start script 'ts-node src/index.ts'.
23 error Make sure you have the latest version of node.js and npm installed.
23 error If you do, this is most likely a problem with the poet package,
23 error not with npm itself.
23 error Tell the author that this fails on your system:
23 error     ts-node src/index.ts
23 error You can get information on how to open an issue for this project with:
23 error     npm bugs poet
23 error Or if that isn't available, you can get their info via:
23 error     npm owner ls poet
23 error There is likely additional logging output above.
24 verbose exit [ 1, true ]
